<?xml version="1.0" encoding="UTF-8"?>
<testng-results ignored="0" total="1" passed="1" failed="0" skipped="0">
  <reporter-output>
  </reporter-output>
  <suite started-at="2021-08-11T02:10:30Z" name="Default suite" finished-at="2021-08-11T02:10:39Z" duration-ms="8705">
    <groups>
    </groups>
    <test started-at="2021-08-11T02:10:30Z" name="Default test" finished-at="2021-08-11T02:10:39Z" duration-ms="8705">
      <class name="ash.qa.testone.TestJavaNg">
        <test-method is-config="true" signature="launchBrowser()[pri:0, instance:ash.qa.testone.TestJavaNg@609bcfb6]" started-at="2021-08-11T02:10:30Z" name="launchBrowser" finished-at="2021-08-11T02:10:38Z" duration-ms="8410" status="PASS">
          <reporter-output>
          </reporter-output>
        </test-method> <!-- launchBrowser -->
        <test-method signature="verifyHomepageTitle()[pri:0, instance:ash.qa.testone.TestJavaNg@609bcfb6]" started-at="2021-08-11T02:10:38Z" name="verifyHomepageTitle" finished-at="2021-08-11T02:10:38Z" duration-ms="16" status="PASS">
          <reporter-output>
          </reporter-output>
        </test-method> <!-- verifyHomepageTitle -->
        <test-method is-config="true" signature="terminateBrowser()[pri:0, instance:ash.qa.testone.TestJavaNg@609bcfb6]" started-at="2021-08-11T02:10:38Z" name="terminateBrowser" finished-at="2021-08-11T02:10:39Z" duration-ms="253" status="PASS">
          <reporter-output>
          </reporter-output>
        </test-method> <!-- terminateBrowser -->
      </class> <!-- ash.qa.testone.TestJavaNg -->
    </test> <!-- Default test -->
  </suite> <!-- Default suite -->
</testng-results>
